mode: atomic
github.com\anisimovsergey\go-gems\bus\bus.go:32.19,37.2 1 3
github.com\anisimovsergey\go-gems\bus\bus.go:39.48,43.20 3 2
github.com\anisimovsergey\go-gems\bus\bus.go:47.2,52.16 5 2
github.com\anisimovsergey\go-gems\bus\bus.go:43.20,45.3 1 0
github.com\anisimovsergey\go-gems\bus\bus.go:52.16,54.3 1 1
github.com\anisimovsergey\go-gems\bus\bus.go:54.3,56.3 1 1
github.com\anisimovsergey\go-gems\bus\bus.go:59.49,66.44 5 1
github.com\anisimovsergey\go-gems\bus\bus.go:74.2,74.12 1 1
github.com\anisimovsergey\go-gems\bus\bus.go:66.44,69.17 3 2
github.com\anisimovsergey\go-gems\bus\bus.go:69.17,71.4 1 0
github.com\anisimovsergey\go-gems\bus\bus.go:77.58,81.2 3 2
github.com\anisimovsergey\go-gems\bus\bus.go:83.57,87.13 4 2
github.com\anisimovsergey\go-gems\bus\bus.go:90.2,90.66 1 2
github.com\anisimovsergey\go-gems\bus\bus.go:87.13,89.3 1 1
github.com\anisimovsergey\go-gems\listener\listener.go:30.29,34.2 1 1
github.com\anisimovsergey\go-gems\listener\listener.go:36.66,40.20 3 1
github.com\anisimovsergey\go-gems\listener\listener.go:45.2,49.60 4 1
github.com\anisimovsergey\go-gems\listener\listener.go:53.2,58.16 5 1
github.com\anisimovsergey\go-gems\listener\listener.go:40.20,42.3 1 0
github.com\anisimovsergey\go-gems\listener\listener.go:49.60,51.3 1 0
github.com\anisimovsergey\go-gems\listener\listener.go:58.16,60.3 1 1
github.com\anisimovsergey\go-gems\listener\listener.go:60.3,62.3 1 0
github.com\anisimovsergey\go-gems\listener\listener.go:65.52,69.2 3 1
